<?xml version="1.0" encoding="UTF-8"?>
<testng-results ignored="0" total="2" passed="2" failed="0" skipped="0">
  <reporter-output>
  </reporter-output>
  <suite started-at="2025-09-02T19:00:34 IST" name="Suite" finished-at="2025-09-02T19:01:19 IST" duration-ms="45602">
    <groups>
    </groups>
    <test started-at="2025-09-02T19:00:34 IST" name="Test" finished-at="2025-09-02T19:01:19 IST" duration-ms="45602">
      <class name="com.orangehrm.tests.Login_orangehrm2">
        <test-method is-config="true" signature="setupreport()[pri:0, instance:com.orangehrm.tests.Login_orangehrm2@1f59a598]" started-at="2025-09-02T19:00:33 IST" name="setupreport" finished-at="2025-09-02T19:00:34 IST" duration-ms="413" status="PASS">
          <reporter-output>
          </reporter-output>
        </test-method> <!-- setupreport -->
        <test-method is-config="true" signature="setup()[pri:0, instance:com.orangehrm.tests.Login_orangehrm2@1f59a598]" started-at="2025-09-02T19:00:35 IST" name="setup" finished-at="2025-09-02T19:00:41 IST" duration-ms="5493" status="PASS">
          <reporter-output>
          </reporter-output>
        </test-method> <!-- setup -->
        <test-method signature="verifyLogin(java.lang.String,java.lang.String)[pri:0, instance:com.orangehrm.tests.Login_orangehrm2@1f59a598]" started-at="2025-09-02T19:00:41 IST" name="verifyLogin" data-provider="logindata" finished-at="2025-09-02T19:00:50 IST" duration-ms="9037" status="PASS">
          <params>
            <param index="0">
              <value>
                <![CDATA[Admin]]>
              </value>
            </param>
            <param index="1">
              <value>
                <![CDATA[admin123]]>
              </value>
            </param>
          </params>
          <reporter-output>
          </reporter-output>
        </test-method> <!-- verifyLogin -->
        <test-method is-config="true" signature="teardown()[pri:0, instance:com.orangehrm.tests.Login_orangehrm2@1f59a598]" started-at="2025-09-02T19:00:50 IST" name="teardown" finished-at="2025-09-02T19:00:50 IST" duration-ms="292" status="PASS">
          <reporter-output>
          </reporter-output>
        </test-method> <!-- teardown -->
        <test-method is-config="true" signature="setup()[pri:0, instance:com.orangehrm.tests.Login_orangehrm2@1f59a598]" started-at="2025-09-02T19:00:50 IST" name="setup" finished-at="2025-09-02T19:00:52 IST" duration-ms="1452" status="PASS">
          <reporter-output>
          </reporter-output>
        </test-method> <!-- setup -->
        <test-method signature="verifyLogin(java.lang.String,java.lang.String)[pri:0, instance:com.orangehrm.tests.Login_orangehrm2@1f59a598]" started-at="2025-09-02T19:00:52 IST" name="verifyLogin" data-provider="logindata" finished-at="2025-09-02T19:01:19 IST" duration-ms="27432" status="PASS">
          <params>
            <param index="0">
              <value>
                <![CDATA[pooja]]>
              </value>
            </param>
            <param index="1">
              <value>
                <![CDATA[welcome]]>
              </value>
            </param>
          </params>
          <reporter-output>
          </reporter-output>
        </test-method> <!-- verifyLogin -->
        <test-method is-config="true" signature="teardown()[pri:0, instance:com.orangehrm.tests.Login_orangehrm2@1f59a598]" started-at="2025-09-02T19:01:19 IST" name="teardown" finished-at="2025-09-02T19:01:19 IST" duration-ms="319" status="PASS">
          <reporter-output>
          </reporter-output>
        </test-method> <!-- teardown -->
        <test-method is-config="true" signature="flushreport()[pri:0, instance:com.orangehrm.tests.Login_orangehrm2@1f59a598]" started-at="2025-09-02T19:01:20 IST" name="flushreport" finished-at="2025-09-02T19:01:20 IST" duration-ms="125" status="PASS">
          <reporter-output>
          </reporter-output>
        </test-method> <!-- flushreport -->
      </class> <!-- com.orangehrm.tests.Login_orangehrm2 -->
    </test> <!-- Test -->
  </suite> <!-- Suite -->
</testng-results>
