<?xml version="1.0" encoding="UTF-8"?>
<!-- Generated by org.testng.reporters.JUnitXMLReporter -->
<testsuite ignored="0" hostname="ROHITH" failures="0" tests="4" name="Lab8_Test" time="17.615" errors="0" timestamp="2025-08-28T11:10:27 IST">
  <testcase classname="NewPKG.LAB08_TestNG_b" name="f" time="3.778"/>
  <testcase classname="NewPKG.LAB08_TestNG_b" name="f" time="3.088"/>
  <testcase classname="NewPKG.LAB08_TestNG_a" name="f" time="2.209"/>
  <testcase classname="NewPKG.LAB08_TestNG_a" name="f" time="2.288"/>
</testsuite> <!-- Lab8_Test -->
